<?xml version="1.0" encoding="UTF-8"?>
<!-- Generated by org.testng.reporters.JUnitXMLReporter -->
<testsuite ignored="0" hostname="SAEEDs-MacBook-Pro.local" failures="0" tests="3" name="Default test" time="16.267" errors="0" timestamp="2023-03-29T22:06:51 IST">
  <testcase classname="vtiger.ContactTests.createcontacts" name="createcontactsTest" time="3.802"/>
  <testcase classname="vtiger.ContactTests.createcontacts" name="demoscript" time="0.001"/>
  <testcase classname="vtiger.ContactTests.createcontacts" name="regional" time="0.001"/>
</testsuite> <!-- Default test -->
