<?xml version="1.0" encoding="UTF-8"?>
<!-- Generated by org.testng.reporters.JUnitXMLReporter -->
<testsuite ignored="2" hostname="SAEEDs-MacBook-Pro.local" failures="0" tests="1" name="Test" time="18.134" errors="0" timestamp="2023-03-08T13:13:25 IST">
  <testcase classname="vtiger.ContactTests.createcontacts" name="createcontactsTest" time="3.994"/>
  <testcase classname="vtiger.ContactTests.createcontacts" name="regional" time="0.0">
    <ignored/>
  </testcase> <!-- regional -->
  <testcase classname="vtiger.ContactTests.createcontacts" name="demoscript" time="0.0">
    <ignored/>
  </testcase> <!-- demoscript -->
</testsuite> <!-- Test -->
