<?xml version="1.0" encoding="UTF-8"?>
<testng-results ignored="0" total="1" passed="1" failed="0" skipped="0">
  <reporter-output>
  </reporter-output>
  <suite started-at="2023-03-29T23:30:09 IST" name="Default suite" finished-at="2023-03-29T23:30:21 IST" duration-ms="12559">
    <groups>
    </groups>
    <test started-at="2023-03-29T23:30:09 IST" name="Default test" finished-at="2023-03-29T23:30:21 IST" duration-ms="12559">
      <class name="vtiger.ContactTests.createcontactsTest">
        <test-method signature="createcontactTest()[pri:0, instance:vtiger.ContactTests.createcontactsTest@8909f18]" started-at="2023-03-29T23:30:09 IST" name="createcontactTest" finished-at="2023-03-29T23:30:21 IST" duration-ms="12524" status="PASS">
          <reporter-output>
          </reporter-output>
        </test-method> <!-- createcontactTest -->
      </class> <!-- vtiger.ContactTests.createcontactsTest -->
    </test> <!-- Default test -->
  </suite> <!-- Default suite -->
</testng-results>
